# JRE version: Java(TM) SE Runtime Environment (17.0.7+8) (build 17.0.7+8-LTS-224)
# Java VM: Java HotSpot(TM) 64-Bit Server VM (17.0.7+8-LTS-224, mixed mode, sharing, tiered, compressed oops, compressed class ptrs, g1 gc, windows-amd64)
GC Precious Log:
 CPUs: 12 total, 12 available
 Memory: 16303M
 Large Page Support: Disabled
 NUMA Support: Disabled
 Compressed Oops: Enabled (Zero based)
 Heap Region Size: 2M
 Heap Min Capacity: 8M
 Heap Initial Capacity: 256M
 Heap Max Capacity: 4076M
 Pre-touch: Disabled
 Parallel Workers: 10
 Concurrent Workers: 3
 Concurrent Refinement Workers: 10
 Periodic GC: Disabled
Heap:
 garbage-first heap   total 202752K, used 136104K [0x0000000701400000, 0x0000000800000000)
  region size 2048K, 33 young (67584K), 3 survivors (6144K)
 Metaspace       used 58322K, committed 58752K, reserved 1105920K
  class space    used 6463K, committed 6656K, reserved 1048576K
GC Heap History (20 events):
Event: 4.449 GC heap before
{Heap before GC invocations=15 (full 0):
 garbage-first heap   total 86016K, used 58788K [0x0000000701400000, 0x0000000800000000)
  region size 2048K, 10 young (20480K), 2 survivors (4096K)
 Metaspace       used 49700K, committed 50048K, reserved 1097728K
  class space    used 5997K, committed 6144K, reserved 1048576K
}
Event: 4.458 GC heap after
{Heap after GC invocations=16 (full 0):
 garbage-first heap   total 86016K, used 46873K [0x0000000701400000, 0x0000000800000000)
  region size 2048K, 2 young (4096K), 2 survivors (4096K)
 Metaspace       used 49700K, committed 50048K, reserved 1097728K
  class space    used 5997K, committed 6144K, reserved 1048576K
}
Event: 4.540 GC heap before
{Heap before GC invocations=16 (full 0):
 garbage-first heap   total 86016K, used 48921K [0x0000000701400000, 0x0000000800000000)
  region size 2048K, 3 young (6144K), 2 survivors (4096K)
 Metaspace       used 49930K, committed 50304K, reserved 1097728K
  class space    used 6016K, committed 6208K, reserved 1048576K
}
Event: 4.554 GC heap after
{Heap after GC invocations=17 (full 0):
 garbage-first heap   total 135168K, used 47056K [0x0000000701400000, 0x0000000800000000)
  region size 2048K, 1 young (2048K), 1 survivors (2048K)
 Metaspace       used 49930K, committed 50304K, reserved 1097728K
  class space    used 6016K, committed 6208K, reserved 1048576K
}
Event: 5.842 GC heap before
{Heap before GC invocations=17 (full 0):
 garbage-first heap   total 135168K, used 96208K [0x0000000701400000, 0x0000000800000000)
  region size 2048K, 25 young (51200K), 1 survivors (2048K)
 Metaspace       used 53150K, committed 53440K, reserved 1097728K
  class space    used 6235K, committed 6400K, reserved 1048576K
}
Event: 5.848 GC heap after
{Heap after GC invocations=18 (full 0):
 garbage-first heap   total 135168K, used 50850K [0x0000000701400000, 0x0000000800000000)
  region size 2048K, 3 young (6144K), 3 survivors (6144K)
 Metaspace       used 53150K, committed 53440K, reserved 1097728K
  class space    used 6235K, committed 6400K, reserved 1048576K
}
Event: 6.859 GC heap before
{Heap before GC invocations=18 (full 0):
 garbage-first heap   total 135168K, used 97954K [0x0000000701400000, 0x0000000800000000)
  region size 2048K, 26 young (53248K), 3 survivors (6144K)
 Metaspace       used 54563K, committed 54912K, reserved 1097728K
  class space    used 6256K, committed 6400K, reserved 1048576K
}
Event: 6.868 GC heap after
{Heap after GC invocations=19 (full 0):
 garbage-first heap   total 135168K, used 54956K [0x0000000701400000, 0x0000000800000000)
  region size 2048K, 2 young (4096K), 2 survivors (4096K)
 Metaspace       used 54563K, committed 54912K, reserved 1097728K
  class space    used 6256K, committed 6400K, reserved 1048576K
}
Event: 7.764 GC heap before
{Heap before GC invocations=19 (full 0):
 garbage-first heap   total 135168K, used 104108K [0x0000000701400000, 0x0000000800000000)
  region size 2048K, 25 young (51200K), 2 survivors (4096K)
 Metaspace       used 55165K, committed 55552K, reserved 1105920K
  class space    used 6269K, committed 6464K, reserved 1048576K
}
Event: 7.773 GC heap after
{Heap after GC invocations=20 (full 0):
 garbage-first heap   total 135168K, used 60786K [0x0000000701400000, 0x0000000800000000)
  region size 2048K, 4 young (8192K), 4 survivors (8192K)
 Metaspace       used 55165K, committed 55552K, reserved 1105920K
  class space    used 6269K, committed 6464K, reserved 1048576K
}
Event: 8.527 GC heap before
{Heap before GC invocations=20 (full 0):
 garbage-first heap   total 135168K, used 105842K [0x0000000701400000, 0x0000000800000000)
  region size 2048K, 26 young (53248K), 4 survivors (8192K)
 Metaspace       used 55471K, committed 55808K, reserved 1105920K
  class space    used 6274K, committed 6464K, reserved 1048576K
}
Event: 8.537 GC heap after
{Heap after GC invocations=21 (full 0):
 garbage-first heap   total 135168K, used 64603K [0x0000000701400000, 0x0000000800000000)
  region size 2048K, 4 young (8192K), 4 survivors (8192K)
 Metaspace       used 55471K, committed 55808K, reserved 1105920K
  class space    used 6274K, committed 6464K, reserved 1048576K
}
Event: 9.283 GC heap before
{Heap before GC invocations=21 (full 0):
 garbage-first heap   total 135168K, used 107611K [0x0000000701400000, 0x0000000800000000)
  region size 2048K, 25 young (51200K), 4 survivors (8192K)
 Metaspace       used 55876K, committed 56192K, reserved 1105920K
  class space    used 6283K, committed 6464K, reserved 1048576K
}
Event: 9.297 GC heap after
{Heap after GC invocations=22 (full 0):
 garbage-first heap   total 135168K, used 67832K [0x0000000701400000, 0x0000000800000000)
  region size 2048K, 4 young (8192K), 4 survivors (8192K)
 Metaspace       used 55876K, committed 56192K, reserved 1105920K
  class space    used 6283K, committed 6464K, reserved 1048576K
}
Event: 9.917 GC heap before
{Heap before GC invocations=22 (full 0):
 garbage-first heap   total 135168K, used 106744K [0x0000000701400000, 0x0000000800000000)
  region size 2048K, 23 young (47104K), 4 survivors (8192K)
 Metaspace       used 56149K, committed 56512K, reserved 1105920K
  class space    used 6288K, committed 6464K, reserved 1048576K
}
Event: 9.929 GC heap after
{Heap after GC invocations=23 (full 0):
 garbage-first heap   total 135168K, used 71542K [0x0000000701400000, 0x0000000800000000)
  region size 2048K, 2 young (4096K), 2 survivors (4096K)
 Metaspace       used 56149K, committed 56512K, reserved 1105920K
  class space    used 6288K, committed 6464K, reserved 1048576K
}
Event: 10.503 GC heap before
{Heap before GC invocations=24 (full 0):
 garbage-first heap   total 135168K, used 110454K [0x0000000701400000, 0x0000000800000000)
  region size 2048K, 21 young (43008K), 2 survivors (4096K)
 Metaspace       used 56398K, committed 56768K, reserved 1105920K
  class space    used 6294K, committed 6464K, reserved 1048576K
}
Event: 10.512 GC heap after
{Heap after GC invocations=25 (full 0):
 garbage-first heap   total 135168K, used 74958K [0x0000000701400000, 0x0000000800000000)
  region size 2048K, 2 young (4096K), 2 survivors (4096K)
 Metaspace       used 56398K, committed 56768K, reserved 1105920K
  class space    used 6294K, committed 6464K, reserved 1048576K
}
Event: 10.866 GC heap before
{Heap before GC invocations=25 (full 0):
 garbage-first heap   total 135168K, used 109774K [0x0000000701400000, 0x0000000800000000)
  region size 2048K, 19 young (38912K), 2 survivors (4096K)
 Metaspace       used 56771K, committed 57152K, reserved 1105920K
  class space    used 6327K, committed 6528K, reserved 1048576K
}
Event: 10.872 GC heap after
{Heap after GC invocations=26 (full 0):
 garbage-first heap   total 202752K, used 76712K [0x0000000701400000, 0x0000000800000000)
  region size 2048K, 3 young (6144K), 3 survivors (6144K)
 Metaspace       used 56771K, committed 57152K, reserved 1105920K
  class space    used 6327K, committed 6528K, reserved 1048576K
}

